<?xml version="1.0" encoding="UTF-8"?>
<testsuites name="Test Suite2" time="107.483" tests="1" failures="0" errors="0">
   <testsuite name="Test Suite2" tests="1" failures="0" errors="0" time="107.483" skipped="0" timestamp="2023-06-15 17:14:20" hostname="manisha.kamble - INBL01LAP30379.brd.g-c-i.com" id="Test Suites/Test Suite2">
      <properties>
[...]
</properties>
      <testcase name="Test Cases/Test Case2" time="107.186" classname="Test Cases/Test Case2" status="PASSED">
         <system-out><![CDATA[2023-06-15 17:14:20 - [TEST_CASE][PASSED] - Test Cases/Test Case2: Test Cases/Test Case2

2023-06-15 17:14:20 - [TEST_STEP][PASSED] - openBrowser(""): Browser is opened with url: ''

2023-06-15 17:14:21 - [MESSAGE][INFO] - User set preference: ['os', 'windows']

2023-06-15 17:14:21 - [MESSAGE][INFO] - User set preference: ['browserName', 'chrome']

2023-06-15 17:14:21 - [MESSAGE][INFO] - User set preference: ['browserVersion', '110']

2023-06-15 17:14:21 - [MESSAGE][INFO] - User set preference: ['katalon:option', '{organizationId=1191570, tunnelId=, usingTunnel=false}']

2023-06-15 17:14:21 - [MESSAGE][INFO] - Connecting to remote web server 'testcloud.katalon.com/hub' with type 'Selenium'

2023-06-15 17:14:21 - [MESSAGE][INFO] - Action delay is set to 0 milliseconds

2023-06-15 17:15:27 - [MESSAGE][PASSED] - Browser is opened with url: ''

2023-06-15 17:15:27 - [TEST_STEP][PASSED] - navigateToUrl("https://demowebshop.tricentis.com/"): Navigate to 'https://demowebshop.tricentis.com/' successfully

2023-06-15 17:15:30 - [MESSAGE][PASSED] - Navigate to 'https://demowebshop.tricentis.com/' successfully

2023-06-15 17:15:30 - [TEST_STEP][PASSED] - click(findTestObject("Object Repository/TricentisDemo/Page_Demo Web Shop/a_Log in")): Object: 'Object Repository/TricentisDemo/Page_Demo Web Shop/a_Log in' is clicked on

2023-06-15 17:15:35 - [MESSAGE][PASSED] - Object: 'Object Repository/TricentisDemo/Page_Demo Web Shop/a_Log in' is clicked on

2023-06-15 17:15:35 - [TEST_STEP][PASSED] - setText(findTestObject("Object Repository/TricentisDemo/Page_Demo Web Shop. Login/input_Email_Email"), "msk123@gmail.com"): Text 'msk123@gmail.com' is set on object 'Object Repository/TricentisDemo/Page_Demo Web Shop. Login/input_Email_Email'

2023-06-15 17:15:44 - [MESSAGE][PASSED] - Text 'msk123@gmail.com' is set on object 'Object Repository/TricentisDemo/Page_Demo Web Shop. Login/input_Email_Email'

2023-06-15 17:15:44 - [TEST_STEP][PASSED] - click(findTestObject("Object Repository/TricentisDemo/Page_Demo Web Shop. Login/form_Email                                 _630b2d")): Object: 'Object Repository/TricentisDemo/Page_Demo Web Shop. Login/form_Email                                 _630b2d' is clicked on

2023-06-15 17:15:50 - [MESSAGE][PASSED] - Object: 'Object Repository/TricentisDemo/Page_Demo Web Shop. Login/form_Email                                 _630b2d' is clicked on

2023-06-15 17:15:50 - [TEST_STEP][PASSED] - setEncryptedText(findTestObject("Object Repository/TricentisDemo/Page_Demo Web Shop. Login/input_Password_Password"), "GqU6l9U4a6o="): Text ****** has been set on object 'Object Repository/TricentisDemo/Page_Demo Web Shop. Login/input_Password_Password'

2023-06-15 17:15:58 - [MESSAGE][PASSED] - Text ****** has been set on object 'Object Repository/TricentisDemo/Page_Demo Web Shop. Login/input_Password_Password'

2023-06-15 17:15:58 - [TEST_STEP][PASSED] - click(findTestObject("Object Repository/TricentisDemo/Page_Demo Web Shop. Login/input_Forgot password_button-1 login-button")): Object: 'Object Repository/TricentisDemo/Page_Demo Web Shop. Login/input_Forgot password_button-1 login-button' is clicked on

2023-06-15 17:16:02 - [MESSAGE][PASSED] - Object: 'Object Repository/TricentisDemo/Page_Demo Web Shop. Login/input_Forgot password_button-1 login-button' is clicked on

2023-06-15 17:16:02 - [TEST_STEP][PASSED] - click(findTestObject("Object Repository/TricentisDemo/Page_Demo Web Shop/a_Log out")): Object: 'Object Repository/TricentisDemo/Page_Demo Web Shop/a_Log out' is clicked on

2023-06-15 17:16:06 - [MESSAGE][PASSED] - Object: 'Object Repository/TricentisDemo/Page_Demo Web Shop/a_Log out' is clicked on

2023-06-15 17:16:06 - [TEST_STEP][PASSED] - closeBrowser(): Browser is closed

2023-06-15 17:16:07 - [MESSAGE][PASSED] - Browser is closed]]></system-out>
         <system-err><![CDATA[]]></system-err>
      </testcase>
      <system-out><![CDATA[2023-06-15 17:14:20 - [TEST_SUITE][PASSED] - Test Suite2: Test Cases/Test Case2]]></system-out>
      <system-err><![CDATA[]]></system-err>
   </testsuite>
</testsuites>
