<?xml version="1.0" encoding="UTF-8"?>
<testsuites name="Test Suite1" time="93.061" tests="1" failures="0" errors="0">
   <testsuite name="Test Suite1" tests="1" failures="0" errors="0" time="93.061" skipped="0" timestamp="2023-06-15 16:57:40" hostname="manisha.kamble - INBL01LAP30379.brd.g-c-i.com" id="Test Suites/Test Suite1">
      <properties>
[...]
</properties>
      <testcase name="Test Cases/Test Case1" time="92.78" classname="Test Cases/Test Case1" status="PASSED">
         <system-out><![CDATA[2023-06-15 16:57:40 - [TEST_CASE][PASSED] - Test Cases/Test Case1: Test Cases/Test Case1

2023-06-15 16:57:41 - [TEST_STEP][PASSED] - openBrowser(""): Browser is opened with url: ''

2023-06-15 16:57:41 - [MESSAGE][INFO] - User set preference: ['os', 'windows']

2023-06-15 16:57:41 - [MESSAGE][INFO] - User set preference: ['browserName', 'chrome']

2023-06-15 16:57:41 - [MESSAGE][INFO] - User set preference: ['browserVersion', '110']

2023-06-15 16:57:41 - [MESSAGE][INFO] - User set preference: ['katalon:option', '{organizationId=1191570, tunnelId=, usingTunnel=false}']

2023-06-15 16:57:41 - [MESSAGE][INFO] - Connecting to remote web server 'testcloud.katalon.com/hub' with type 'Selenium'

2023-06-15 16:57:42 - [MESSAGE][INFO] - Action delay is set to 0 milliseconds

2023-06-15 16:59:03 - [MESSAGE][PASSED] - Browser is opened with url: ''

2023-06-15 16:59:03 - [TEST_STEP][PASSED] - navigateToUrl("https://www.youtube.com"): Navigate to 'https://www.youtube.com' successfully

2023-06-15 16:59:10 - [MESSAGE][PASSED] - Navigate to 'https://www.youtube.com' successfully

2023-06-15 16:59:10 - [TEST_STEP][PASSED] - closeBrowser(): Browser is closed

2023-06-15 16:59:13 - [MESSAGE][PASSED] - Browser is closed]]></system-out>
         <system-err><![CDATA[]]></system-err>
      </testcase>
      <system-out><![CDATA[2023-06-15 16:57:40 - [TEST_SUITE][PASSED] - Test Suite1: Test Cases/Test Case1]]></system-out>
      <system-err><![CDATA[]]></system-err>
   </testsuite>
</testsuites>
